2015/05/25 19:22:35 [error] [php] swoole_client::connect(): connect to server[127.0.0.1:9550] failed. Error: Connection refused [111] (/web/yii_task/protected/components/EventClient.php:9)
Stack trace:
#0 /web/dmgapp/framework/web/actions/CInlineAction.php(49): TestController->actionTT()
#1 /web/dmgapp/framework/web/CController.php(308): CInlineAction->runWithParams()
#2 /web/dmgapp/framework/web/CController.php(286): TestController->runAction()
#3 /web/dmgapp/framework/web/CController.php(265): TestController->runActionWithFilters()
#4 /web/dmgapp/framework/web/CWebApplication.php(282): TestController->run()
#5 /web/dmgapp/framework/web/CWebApplication.php(141): CWebApplication->runController()
#6 /web/dmgapp/framework/base/CApplication.php(180): CWebApplication->processRequest()
#7 /web/yii_task/index.php(13): CWebApplication->run()
REQUEST_URI=/index.php?r=test/tt
in /web/yii_task/protected/components/EventClient.php (9)
in /web/yii_task/protected/controllers/TestController.php (83)
in /web/yii_task/index.php (13)
2015/05/25 19:23:11 [error] [php] swoole_client::recv(): recv() failed. Error: Resource temporarily unavailable [11] (/web/yii_task/protected/components/EventClient.php:18)
Stack trace:
#0 /web/dmgapp/framework/web/actions/CInlineAction.php(49): TestController->actionTT()
#1 /web/dmgapp/framework/web/CController.php(308): CInlineAction->runWithParams()
#2 /web/dmgapp/framework/web/CController.php(286): TestController->runAction()
#3 /web/dmgapp/framework/web/CController.php(265): TestController->runActionWithFilters()
#4 /web/dmgapp/framework/web/CWebApplication.php(282): TestController->run()
#5 /web/dmgapp/framework/web/CWebApplication.php(141): CWebApplication->runController()
#6 /web/dmgapp/framework/base/CApplication.php(180): CWebApplication->processRequest()
#7 /web/yii_task/index.php(13): CWebApplication->run()
REQUEST_URI=/index.php?r=test/tt
in /web/yii_task/protected/components/EventClient.php (18)
in /web/yii_task/protected/controllers/TestController.php (84)
in /web/yii_task/index.php (13)
2015/05/25 19:23:51 [error] [php] swoole_client::recv(): recv() failed. Error: Resource temporarily unavailable [11] (/web/yii_task/protected/components/EventClient.php:18)
Stack trace:
#0 /web/dmgapp/framework/web/actions/CInlineAction.php(49): TestController->actionTT()
#1 /web/dmgapp/framework/web/CController.php(308): CInlineAction->runWithParams()
#2 /web/dmgapp/framework/web/CController.php(286): TestController->runAction()
#3 /web/dmgapp/framework/web/CController.php(265): TestController->runActionWithFilters()
#4 /web/dmgapp/framework/web/CWebApplication.php(282): TestController->run()
#5 /web/dmgapp/framework/web/CWebApplication.php(141): CWebApplication->runController()
#6 /web/dmgapp/framework/base/CApplication.php(180): CWebApplication->processRequest()
#7 /web/yii_task/index.php(13): CWebApplication->run()
REQUEST_URI=/index.php?r=test/tt
in /web/yii_task/protected/components/EventClient.php (18)
in /web/yii_task/protected/controllers/TestController.php (84)
in /web/yii_task/index.php (13)
2015/05/25 19:27:42 [error] [php] swoole_client::recv(): recv() failed. Error: Resource temporarily unavailable [11] (/web/yii_task/protected/components/EventClient.php:18)
Stack trace:
#0 /web/dmgapp/framework/web/actions/CInlineAction.php(49): TestController->actionTT()
#1 /web/dmgapp/framework/web/CController.php(308): CInlineAction->runWithParams()
#2 /web/dmgapp/framework/web/CController.php(286): TestController->runAction()
#3 /web/dmgapp/framework/web/CController.php(265): TestController->runActionWithFilters()
#4 /web/dmgapp/framework/web/CWebApplication.php(282): TestController->run()
#5 /web/dmgapp/framework/web/CWebApplication.php(141): CWebApplication->runController()
#6 /web/dmgapp/framework/base/CApplication.php(180): CWebApplication->processRequest()
#7 /web/yii_task/index.php(13): CWebApplication->run()
REQUEST_URI=/index.php?r=test/tt
in /web/yii_task/protected/components/EventClient.php (18)
in /web/yii_task/protected/controllers/TestController.php (84)
in /web/yii_task/index.php (13)
2015/05/25 19:27:55 [error] [php] swoole_client::recv(): recv() failed. Error: Resource temporarily unavailable [11] (/web/yii_task/protected/components/EventClient.php:18)
Stack trace:
#0 /web/dmgapp/framework/web/actions/CInlineAction.php(49): TestController->actionTT()
#1 /web/dmgapp/framework/web/CController.php(308): CInlineAction->runWithParams()
#2 /web/dmgapp/framework/web/CController.php(286): TestController->runAction()
#3 /web/dmgapp/framework/web/CController.php(265): TestController->runActionWithFilters()
#4 /web/dmgapp/framework/web/CWebApplication.php(282): TestController->run()
#5 /web/dmgapp/framework/web/CWebApplication.php(141): CWebApplication->runController()
#6 /web/dmgapp/framework/base/CApplication.php(180): CWebApplication->processRequest()
#7 /web/yii_task/index.php(13): CWebApplication->run()
REQUEST_URI=/index.php?r=test/tt
in /web/yii_task/protected/components/EventClient.php (18)
in /web/yii_task/protected/controllers/TestController.php (84)
in /web/yii_task/index.php (13)
